--------------------------------------------------
Largest Tensor Arithmetic Intensity
  operator-name      median        min         max
0       attn_op  106.622424  28.519908  866.693027
1        ff_gup   83.852171  39.069461  816.019762
2         ff_dp   70.228909  27.859729  564.484799
3   attn_qkv_ip   64.220372  17.496532  835.668453
4     attn_sdpa   27.684085  23.091896  204.497026
5            lp    4.406753   4.374509  823.890776
Largest Tensor FLOPs
  operator-name        median           min           max
0            lp  1.352915e+11  1.352915e+11  3.476991e+13
1     attn_sdpa  4.509716e+10  4.509716e+10  2.254858e+11
2        ff_gup  3.006477e+10  3.006477e+10  7.756711e+12
3         ff_dp  1.503239e+10  1.503239e+10  3.878355e+12
4   attn_qkv_ip  7.046431e+09  7.046431e+09  1.675037e+12
5       attn_op  5.033165e+09  5.033165e+09  1.116691e+12
Largest HBM Bytes
  operator-name        median           min           max
0            lp  3.092724e+10  3.070094e+10  4.220208e+10
1     attn_sdpa  1.628995e+09  1.102636e+09  1.952943e+09
2        ff_gup  5.328815e+08  3.043150e+08  9.589597e+09
3         ff_dp  3.348235e+08  1.660700e+08  9.895053e+09
4   attn_qkv_ip  2.354275e+08  7.707700e+07  2.058647e+09
5       attn_op  7.958500e+07  3.542300e+07  1.321839e+09
Kernels
  operator-name  median  min  max
0     attn_sdpa     3.0    3    3
1            lp     2.0    2    2
2       attn_op     1.0    1    2
3   attn_qkv_ip     1.0    1    2
4         ff_dp     1.0    1    2
5        ff_gup     1.0    1    2
--------------------------------------------------
attn_op HBM Bytes (GB)
         median       min       max       var
token                                        
0.0    1.302493  1.288451  1.321839  0.000078
10.0   0.058852  0.039778  0.176479  0.001229
30.0   0.053092  0.035423  0.114030  0.000554
--------------------------------------------------
attn_qkv_ip HBM Bytes (GB)
         median       min       max       var
token                                        
0.0    2.028862  2.004428  2.058647  0.000204
10.0   0.135589  0.081183  0.396324  0.008432
30.0   0.130070  0.077077  0.402733  0.009000
--------------------------------------------------
attn_sdpa HBM Bytes (GB)
         median       min       max           var
token                                            
0.0    1.103372  1.102636  1.104037  1.070098e-07
10.0   1.675934  1.568454  1.952943  1.189387e-02
30.0   1.711661  1.600583  1.951190  8.934856e-03
--------------------------------------------------
ff_dp HBM Bytes (GB)
         median       min       max       var
token                                        
0.0    8.229633  6.870611  9.895053  0.427502
10.0   0.239424  0.180669  0.539574  0.007425
30.0   0.246872  0.166070  0.523954  0.008481
--------------------------------------------------
ff_gup HBM Bytes (GB)
         median       min       max       var
token                                        
0.0    9.546297  9.505543  9.589597  0.000500
10.0   0.400504  0.304315  0.769521  0.014777
30.0   0.393101  0.323813  0.617508  0.008267
--------------------------------------------------
lp HBM Bytes (GB)
          median        min        max  var
token                                      
0.0    42.202084  42.202084  42.202084  NaN
10.0   30.927235  30.927235  30.927235  NaN
30.0   30.700944  30.700944  30.700944  NaN
--------------------------------------------------
